[2019-02-28 06:13:56] local.ERROR: exception 'Symfony\Component\Console\Exception\CommandNotFoundException' with message 'There are no commands defined in the "collect" namespace.' in /data/htdocs/learnlaravel5/vendor/symfony/console/Application.php:564
Stack trace:
#0 /data/htdocs/learnlaravel5/vendor/symfony/console/Application.php(604): Symfony\Component\Console\Application->findNamespace('collect')
#1 /data/htdocs/learnlaravel5/vendor/symfony/console/Application.php(229): Symfony\Component\Console\Application->find('collect:info')
#2 /data/htdocs/learnlaravel5/vendor/symfony/console/Application.php(148): Symfony\Component\Console\Application->doRun(Object(Symfony\Component\Console\Input\ArgvInput), Object(Symfony\Component\Console\Output\ConsoleOutput))
#3 /data/htdocs/learnlaravel5/vendor/laravel/framework/src/Illuminate/Foundation/Console/Kernel.php(122): Symfony\Component\Console\Application->run(Object(Symfony\Component\Console\Input\ArgvInput), Object(Symfony\Component\Console\Output\ConsoleOutput))
#4 /data/htdocs/learnlaravel5/artisan(36): Illuminate\Foundation\Console\Kernel->handle(Object(Symfony\Component\Console\Input\ArgvInput), Object(Symfony\Component\Console\Output\ConsoleOutput))
#5 {main}  
[2019-02-28 06:15:42] local.ERROR: exception 'Symfony\Component\Console\Exception\CommandNotFoundException' with message 'There are no commands defined in the "collect" namespace.' in /data/htdocs/learnlaravel5/vendor/symfony/console/Application.php:564
Stack trace:
#0 /data/htdocs/learnlaravel5/vendor/symfony/console/Application.php(604): Symfony\Component\Console\Application->findNamespace('collect')
#1 /data/htdocs/learnlaravel5/vendor/symfony/console/Application.php(229): Symfony\Component\Console\Application->find('collect:info')
#2 /data/htdocs/learnlaravel5/vendor/symfony/console/Application.php(148): Symfony\Component\Console\Application->doRun(Object(Symfony\Component\Console\Input\ArgvInput), Object(Symfony\Component\Console\Output\ConsoleOutput))
#3 /data/htdocs/learnlaravel5/vendor/laravel/framework/src/Illuminate/Foundation/Console/Kernel.php(122): Symfony\Component\Console\Application->run(Object(Symfony\Component\Console\Input\ArgvInput), Object(Symfony\Component\Console\Output\ConsoleOutput))
#4 /data/htdocs/learnlaravel5/artisan(36): Illuminate\Foundation\Console\Kernel->handle(Object(Symfony\Component\Console\Input\ArgvInput), Object(Symfony\Component\Console\Output\ConsoleOutput))
#5 {main}  
[2019-02-28 06:34:56] local.ERROR: exception 'Symfony\Component\Debug\Exception\FatalErrorException' with message 'Call to undefined function App\Http\Controllers\curl_request()' in D:\WWW\laravel\app\Http\Controllers\IndexController.php:24
Stack trace:
#0 {main}  
[2019-02-28 06:45:09] local.ERROR: exception 'Symfony\Component\Debug\Exception\FatalErrorException' with message 'syntax error, unexpected '$msg' (T_VARIABLE)' in D:\WWW\laravel\app\Http\Controllers\IndexController.php:28
Stack trace:
#0 {main}  
[2019-02-28 07:16:30] local.ERROR: exception 'Swift_TransportException' with message 'Connection could not be established with host smtp.qq.com [Connection timed out #110]' in /data/htdocs/learnlaravel5/vendor/swiftmailer/swiftmailer/lib/classes/Swift/Transport/StreamBuffer.php:277
Stack trace:
#0 /data/htdocs/learnlaravel5/vendor/swiftmailer/swiftmailer/lib/classes/Swift/Transport/StreamBuffer.php(62): Swift_Transport_StreamBuffer->_establishSocketConnection()
#1 /data/htdocs/learnlaravel5/vendor/swiftmailer/swiftmailer/lib/classes/Swift/Transport/AbstractSmtpTransport.php(113): Swift_Transport_StreamBuffer->initialize(Array)
#2 /data/htdocs/learnlaravel5/vendor/swiftmailer/swiftmailer/lib/classes/Swift/Mailer.php(79): Swift_Transport_AbstractSmtpTransport->start()
#3 /data/htdocs/learnlaravel5/vendor/laravel/framework/src/Illuminate/Mail/Mailer.php(443): Swift_Mailer->send(Object(Swift_Message), Array)
#4 /data/htdocs/learnlaravel5/vendor/laravel/framework/src/Illuminate/Mail/Mailer.php(217): Illuminate\Mail\Mailer->sendSwiftMessage(Object(Swift_Message))
#5 /data/htdocs/learnlaravel5/vendor/laravel/framework/src/Illuminate/Mail/Mailer.php(160): Illuminate\Mail\Mailer->send(Array, Array, Object(Closure))
#6 /data/htdocs/learnlaravel5/vendor/laravel/framework/src/Illuminate/Support/Facades/Facade.php(221): Illuminate\Mail\Mailer->raw('2019-03-06\xD4\xA4\xD4\xBC\n...', Object(Closure))
#7 /data/htdocs/learnlaravel5/app/Console/Commands/CollectInfo.php(57): Illuminate\Support\Facades\Facade::__callStatic('Raw', Array)
#8 /data/htdocs/learnlaravel5/app/Console/Commands/CollectInfo.php(57): Illuminate\Support\Facades\Mail::Raw('2019-03-06\xD4\xA4\xD4\xBC\n...', Object(Closure))
#9 [internal function]: App\Console\Commands\CollectInfo->handle()
#10 /data/htdocs/learnlaravel5/vendor/laravel/framework/src/Illuminate/Container/BoundMethod.php(30): call_user_func_array(Array, Array)
#11 /data/htdocs/learnlaravel5/vendor/laravel/framework/src/Illuminate/Container/BoundMethod.php(87): Illuminate\Container\BoundMethod::Illuminate\Container\{closure}()
#12 /data/htdocs/learnlaravel5/vendor/laravel/framework/src/Illuminate/Container/BoundMethod.php(31): Illuminate\Container\BoundMethod::callBoundMethod(Object(Illuminate\Foundation\Application), Array, Object(Closure))
#13 /data/htdocs/learnlaravel5/vendor/laravel/framework/src/Illuminate/Container/Container.php(539): Illuminate\Container\BoundMethod::call(Object(Illuminate\Foundation\Application), Array, Array, NULL)
#14 /data/htdocs/learnlaravel5/vendor/laravel/framework/src/Illuminate/Console/Command.php(182): Illuminate\Container\Container->call(Array)
#15 /data/htdocs/learnlaravel5/vendor/symfony/console/Command/Command.php(255): Illuminate\Console\Command->execute(Object(Symfony\Component\Console\Input\ArgvInput), Object(Illuminate\Console\OutputStyle))
#16 /data/htdocs/learnlaravel5/vendor/laravel/framework/src/Illuminate/Console/Command.php(168): Symfony\Component\Console\Command\Command->run(Object(Symfony\Component\Console\Input\ArgvInput), Object(Illuminate\Console\OutputStyle))
#17 /data/htdocs/learnlaravel5/vendor/symfony/console/Application.php(953): Illuminate\Console\Command->run(Object(Symfony\Component\Console\Input\ArgvInput), Object(Symfony\Component\Console\Output\ConsoleOutput))
#18 /data/htdocs/learnlaravel5/vendor/symfony/console/Application.php(248): Symfony\Component\Console\Application->doRunCommand(Object(App\Console\Commands\CollectInfo), Object(Symfony\Component\Console\Input\ArgvInput), Object(Symfony\Component\Console\Output\ConsoleOutput))
#19 /data/htdocs/learnlaravel5/vendor/symfony/console/Application.php(148): Symfony\Component\Console\Application->doRun(Object(Symfony\Component\Console\Input\ArgvInput), Object(Symfony\Component\Console\Output\ConsoleOutput))
#20 /data/htdocs/learnlaravel5/vendor/laravel/framework/src/Illuminate/Foundation/Console/Kernel.php(122): Symfony\Component\Console\Application->run(Object(Symfony\Component\Console\Input\ArgvInput), Object(Symfony\Component\Console\Output\ConsoleOutput))
#21 /data/htdocs/learnlaravel5/artisan(36): Illuminate\Foundation\Console\Kernel->handle(Object(Symfony\Component\Console\Input\ArgvInput), Object(Symfony\Component\Console\Output\ConsoleOutput))
#22 {main}  
[2019-02-28 07:20:00] local.ERROR: exception 'Swift_TransportException' with message 'Connection could not be established with host smtp.qq.com [Connection timed out #110]' in /data/htdocs/learnlaravel5/vendor/swiftmailer/swiftmailer/lib/classes/Swift/Transport/StreamBuffer.php:277
Stack trace:
#0 /data/htdocs/learnlaravel5/vendor/swiftmailer/swiftmailer/lib/classes/Swift/Transport/StreamBuffer.php(62): Swift_Transport_StreamBuffer->_establishSocketConnection()
#1 /data/htdocs/learnlaravel5/vendor/swiftmailer/swiftmailer/lib/classes/Swift/Transport/AbstractSmtpTransport.php(113): Swift_Transport_StreamBuffer->initialize(Array)
#2 /data/htdocs/learnlaravel5/vendor/swiftmailer/swiftmailer/lib/classes/Swift/Mailer.php(79): Swift_Transport_AbstractSmtpTransport->start()
#3 /data/htdocs/learnlaravel5/vendor/laravel/framework/src/Illuminate/Mail/Mailer.php(443): Swift_Mailer->send(Object(Swift_Message), Array)
#4 /data/htdocs/learnlaravel5/vendor/laravel/framework/src/Illuminate/Mail/Mailer.php(217): Illuminate\Mail\Mailer->sendSwiftMessage(Object(Swift_Message))
#5 /data/htdocs/learnlaravel5/vendor/laravel/framework/src/Illuminate/Mail/Mailer.php(160): Illuminate\Mail\Mailer->send(Array, Array, Object(Closure))
#6 /data/htdocs/learnlaravel5/vendor/laravel/framework/src/Illuminate/Support/Facades/Facade.php(221): Illuminate\Mail\Mailer->raw('2019-03-06\xD4\xA4\xD4\xBC\n...', Object(Closure))
#7 /data/htdocs/learnlaravel5/app/Console/Commands/CollectInfo.php(57): Illuminate\Support\Facades\Facade::__callStatic('Raw', Array)
#8 /data/htdocs/learnlaravel5/app/Console/Commands/CollectInfo.php(57): Illuminate\Support\Facades\Mail::Raw('2019-03-06\xD4\xA4\xD4\xBC\n...', Object(Closure))
#9 [internal function]: App\Console\Commands\CollectInfo->handle()
#10 /data/htdocs/learnlaravel5/vendor/laravel/framework/src/Illuminate/Container/BoundMethod.php(30): call_user_func_array(Array, Array)
#11 /data/htdocs/learnlaravel5/vendor/laravel/framework/src/Illuminate/Container/BoundMethod.php(87): Illuminate\Container\BoundMethod::Illuminate\Container\{closure}()
#12 /data/htdocs/learnlaravel5/vendor/laravel/framework/src/Illuminate/Container/BoundMethod.php(31): Illuminate\Container\BoundMethod::callBoundMethod(Object(Illuminate\Foundation\Application), Array, Object(Closure))
#13 /data/htdocs/learnlaravel5/vendor/laravel/framework/src/Illuminate/Container/Container.php(539): Illuminate\Container\BoundMethod::call(Object(Illuminate\Foundation\Application), Array, Array, NULL)
#14 /data/htdocs/learnlaravel5/vendor/laravel/framework/src/Illuminate/Console/Command.php(182): Illuminate\Container\Container->call(Array)
#15 /data/htdocs/learnlaravel5/vendor/symfony/console/Command/Command.php(255): Illuminate\Console\Command->execute(Object(Symfony\Component\Console\Input\ArgvInput), Object(Illuminate\Console\OutputStyle))
#16 /data/htdocs/learnlaravel5/vendor/laravel/framework/src/Illuminate/Console/Command.php(168): Symfony\Component\Console\Command\Command->run(Object(Symfony\Component\Console\Input\ArgvInput), Object(Illuminate\Console\OutputStyle))
#17 /data/htdocs/learnlaravel5/vendor/symfony/console/Application.php(953): Illuminate\Console\Command->run(Object(Symfony\Component\Console\Input\ArgvInput), Object(Symfony\Component\Console\Output\ConsoleOutput))
#18 /data/htdocs/learnlaravel5/vendor/symfony/console/Application.php(248): Symfony\Component\Console\Application->doRunCommand(Object(App\Console\Commands\CollectInfo), Object(Symfony\Component\Console\Input\ArgvInput), Object(Symfony\Component\Console\Output\ConsoleOutput))
#19 /data/htdocs/learnlaravel5/vendor/symfony/console/Application.php(148): Symfony\Component\Console\Application->doRun(Object(Symfony\Component\Console\Input\ArgvInput), Object(Symfony\Component\Console\Output\ConsoleOutput))
#20 /data/htdocs/learnlaravel5/vendor/laravel/framework/src/Illuminate/Foundation/Console/Kernel.php(122): Symfony\Component\Console\Application->run(Object(Symfony\Component\Console\Input\ArgvInput), Object(Symfony\Component\Console\Output\ConsoleOutput))
#21 /data/htdocs/learnlaravel5/artisan(36): Illuminate\Foundation\Console\Kernel->handle(Object(Symfony\Component\Console\Input\ArgvInput), Object(Symfony\Component\Console\Output\ConsoleOutput))
#22 {main}  
[2019-02-28 07:34:42] local.ERROR: exception 'Swift_TransportException' with message 'Connection could not be established with host smtp.qq.com [Connection timed out #110]' in /data/htdocs/learnlaravel5/vendor/swiftmailer/swiftmailer/lib/classes/Swift/Transport/StreamBuffer.php:277
Stack trace:
#0 /data/htdocs/learnlaravel5/vendor/swiftmailer/swiftmailer/lib/classes/Swift/Transport/StreamBuffer.php(62): Swift_Transport_StreamBuffer->_establishSocketConnection()
#1 /data/htdocs/learnlaravel5/vendor/swiftmailer/swiftmailer/lib/classes/Swift/Transport/AbstractSmtpTransport.php(113): Swift_Transport_StreamBuffer->initialize(Array)
#2 /data/htdocs/learnlaravel5/vendor/swiftmailer/swiftmailer/lib/classes/Swift/Mailer.php(79): Swift_Transport_AbstractSmtpTransport->start()
#3 /data/htdocs/learnlaravel5/vendor/laravel/framework/src/Illuminate/Mail/Mailer.php(443): Swift_Mailer->send(Object(Swift_Message), Array)
#4 /data/htdocs/learnlaravel5/vendor/laravel/framework/src/Illuminate/Mail/Mailer.php(217): Illuminate\Mail\Mailer->sendSwiftMessage(Object(Swift_Message))
#5 /data/htdocs/learnlaravel5/vendor/laravel/framework/src/Illuminate/Mail/Mailer.php(160): Illuminate\Mail\Mailer->send(Array, Array, Object(Closure))
#6 /data/htdocs/learnlaravel5/vendor/laravel/framework/src/Illuminate/Support/Facades/Facade.php(221): Illuminate\Mail\Mailer->raw('2019-03-06\xD4\xA4\xD4\xBC\n...', Object(Closure))
#7 /data/htdocs/learnlaravel5/app/Console/Commands/CollectInfo.php(57): Illuminate\Support\Facades\Facade::__callStatic('Raw', Array)
#8 /data/htdocs/learnlaravel5/app/Console/Commands/CollectInfo.php(57): Illuminate\Support\Facades\Mail::Raw('2019-03-06\xD4\xA4\xD4\xBC\n...', Object(Closure))
#9 [internal function]: App\Console\Commands\CollectInfo->handle()
#10 /data/htdocs/learnlaravel5/vendor/laravel/framework/src/Illuminate/Container/BoundMethod.php(30): call_user_func_array(Array, Array)
#11 /data/htdocs/learnlaravel5/vendor/laravel/framework/src/Illuminate/Container/BoundMethod.php(87): Illuminate\Container\BoundMethod::Illuminate\Container\{closure}()
#12 /data/htdocs/learnlaravel5/vendor/laravel/framework/src/Illuminate/Container/BoundMethod.php(31): Illuminate\Container\BoundMethod::callBoundMethod(Object(Illuminate\Foundation\Application), Array, Object(Closure))
#13 /data/htdocs/learnlaravel5/vendor/laravel/framework/src/Illuminate/Container/Container.php(539): Illuminate\Container\BoundMethod::call(Object(Illuminate\Foundation\Application), Array, Array, NULL)
#14 /data/htdocs/learnlaravel5/vendor/laravel/framework/src/Illuminate/Console/Command.php(182): Illuminate\Container\Container->call(Array)
#15 /data/htdocs/learnlaravel5/vendor/symfony/console/Command/Command.php(255): Illuminate\Console\Command->execute(Object(Symfony\Component\Console\Input\ArgvInput), Object(Illuminate\Console\OutputStyle))
#16 /data/htdocs/learnlaravel5/vendor/laravel/framework/src/Illuminate/Console/Command.php(168): Symfony\Component\Console\Command\Command->run(Object(Symfony\Component\Console\Input\ArgvInput), Object(Illuminate\Console\OutputStyle))
#17 /data/htdocs/learnlaravel5/vendor/symfony/console/Application.php(953): Illuminate\Console\Command->run(Object(Symfony\Component\Console\Input\ArgvInput), Object(Symfony\Component\Console\Output\ConsoleOutput))
#18 /data/htdocs/learnlaravel5/vendor/symfony/console/Application.php(248): Symfony\Component\Console\Application->doRunCommand(Object(App\Console\Commands\CollectInfo), Object(Symfony\Component\Console\Input\ArgvInput), Object(Symfony\Component\Console\Output\ConsoleOutput))
#19 /data/htdocs/learnlaravel5/vendor/symfony/console/Application.php(148): Symfony\Component\Console\Application->doRun(Object(Symfony\Component\Console\Input\ArgvInput), Object(Symfony\Component\Console\Output\ConsoleOutput))
#20 /data/htdocs/learnlaravel5/vendor/laravel/framework/src/Illuminate/Foundation/Console/Kernel.php(122): Symfony\Component\Console\Application->run(Object(Symfony\Component\Console\Input\ArgvInput), Object(Symfony\Component\Console\Output\ConsoleOutput))
#21 /data/htdocs/learnlaravel5/artisan(36): Illuminate\Foundation\Console\Kernel->handle(Object(Symfony\Component\Console\Input\ArgvInput), Object(Symfony\Component\Console\Output\ConsoleOutput))
#22 {main}  
